<?xml version="1.0" encoding="UTF-8"?>
<!-- Generated by org.testng.reporters.JUnitReportReporter -->
<testsuite hostname="SIMON-K501UX" name="org.artofsolving.jodconverter.OfficeDocumentConverterFunctionalTest" tests="1" failures="0" timestamp="15 Nov 2016 04:00:12 GMT" time="36.549" errors="0">
  <testcase name="runAllPossibleConversions" time="36.549" classname="org.artofsolving.jodconverter.OfficeDocumentConverterFunctionalTest"/>
</testsuite> <!-- org.artofsolving.jodconverter.OfficeDocumentConverterFunctionalTest -->
