<?xml version="1.0" encoding="UTF-8"?>
<!-- Generated by org.testng.reporters.JUnitReportReporter -->
<testsuite hostname="SIMON-K501UX" name="org.artofsolving.jodconverter.office.ExternalOfficeManagerTest" tests="1" failures="0" timestamp="14 Nov 2016 21:37:48 GMT" time="2.189" errors="0">
  <testcase name="executeTask" time="2.189" classname="org.artofsolving.jodconverter.office.ExternalOfficeManagerTest"/>
</testsuite> <!-- org.artofsolving.jodconverter.office.ExternalOfficeManagerTest -->
