<?xml version="1.0" encoding="UTF-8"?>
<!-- Generated by org.testng.reporters.JUnitReportReporter -->
<testsuite hostname="SIMON-K501UX" name="org.artofsolving.jodconverter.document.JsonDocumentFormatRegistryTest" tests="1" failures="0" timestamp="14 Nov 2016 21:37:48 GMT" time="0.013" errors="0">
  <testcase name="readJsonRegistry" time="0.013" classname="org.artofsolving.jodconverter.document.JsonDocumentFormatRegistryTest"/>
</testsuite> <!-- org.artofsolving.jodconverter.document.JsonDocumentFormatRegistryTest -->
